<?xml version="1.0" encoding="UTF-8"?>
<!-- Generated by org.testng.reporters.JUnitReportReporter -->
<testsuite hostname="DESKTOP-S02LODF" failures="0" tests="10" name="execute.page.classes.LoginPageTestClass" time="128.134" errors="0" timestamp="2023-07-05T21:59:49 IST" skipped="0">
  <testcase classname="execute.page.classes.LoginPageTestClass" name="verifySuccessfulLogin" time="9.905"/>
  <system-out/>
  <testcase classname="execute.page.classes.LoginPageTestClass" name="verifySuccessfulLogin" time="8.957"/>
  <system-out/>
  <testcase classname="execute.page.classes.LoginPageTestClass" name="verifyUnSuccessfulLogin" time="9.226"/>
  <system-out/>
  <testcase classname="execute.page.classes.LoginPageTestClass" name="verifyUnSuccessfulLogin" time="9.219"/>
  <system-out/>
  <testcase classname="execute.page.classes.LoginPageTestClass" name="verifyUnSuccessfulLogin" time="9.292"/>
  <system-out/>
  <testcase classname="execute.page.classes.LoginPageTestClass" name="verifyUnSuccessfulLogin" time="9.962"/>
  <system-out/>
  <testcase classname="execute.page.classes.LoginPageTestClass" name="verifyUnSuccessfulLogin" time="7.842"/>
  <system-out/>
  <testcase classname="execute.page.classes.LoginPageTestClass" name="verifyUnSuccessfulLogin" time="22.042"/>
  <system-out/>
  <testcase classname="execute.page.classes.LoginPageTestClass" name="verifyRemenberMeCheckboxIsSelectedOrNotByDefault" time="8.750"/>
  <system-out/>
  <testcase classname="execute.page.classes.LoginPageTestClass" name="verifyRemenberMeCheckboxIsSelectedOrNotByDefault" time="32.939"/>
  <system-out/>
</testsuite> <!-- execute.page.classes.LoginPageTestClass -->
