<?xml version="1.0" encoding="UTF-8"?>
<!-- Generated by org.testng.reporters.JUnitReportReporter -->
<testsuite hostname="DESKTOP-S02LODF" failures="0" tests="3" name="execute.page.classes.ManageExpensePageTestClass" time="34.625" errors="0" timestamp="2023-06-26T12:57:03 IST" skipped="0">
  <testcase classname="execute.page.classes.ManageExpensePageTestClass" name="verifyManageExpencePageIsDisplayedOrNot" time="10.160"/>
  <system-out/>
  <testcase classname="execute.page.classes.ManageExpensePageTestClass" name="verifyToCreateNewManageExpense" time="14.258"/>
  <system-out/>
  <testcase classname="execute.page.classes.ManageExpensePageTestClass" name="verifyToSearchCreatedManageExpense" time="10.207"/>
  <system-out/>
</testsuite> <!-- execute.page.classes.ManageExpensePageTestClass -->
