<?xml version="1.0" encoding="UTF-8"?>
<!-- Generated by org.testng.reporters.JUnitReportReporter -->
<testsuite hostname="DESKTOP-S02LODF" failures="0" tests="8" name="execute.page.classes.ExpenseCatogoryPageTestClass" time="79.525" errors="0" timestamp="2023-07-05T21:59:49 IST" skipped="0">
  <testcase classname="execute.page.classes.ExpenseCatogoryPageTestClass" name="verifyManageExpenceCatogoryPageIsDisplayedOrNot" time="9.767"/>
  <system-out/>
  <testcase classname="execute.page.classes.ExpenseCatogoryPageTestClass" name="verifyManageExpenceCatogoryPageIsDisplayedOrNot" time="10.798"/>
  <system-out/>
  <testcase classname="execute.page.classes.ExpenseCatogoryPageTestClass" name="verifyToCreateNewExpense" time="11.703"/>
  <system-out/>
  <testcase classname="execute.page.classes.ExpenseCatogoryPageTestClass" name="verifyToCreateNewExpense" time="8.988"/>
  <system-out/>
  <testcase classname="execute.page.classes.ExpenseCatogoryPageTestClass" name="verifyToSearchCreatedExpense" time="10.123"/>
  <system-out/>
  <testcase classname="execute.page.classes.ExpenseCatogoryPageTestClass" name="verifyToSearchCreatedExpense" time="9.081"/>
  <system-out/>
  <testcase classname="execute.page.classes.ExpenseCatogoryPageTestClass" name="verifyToDeleteCreatedExpense" time="9.660"/>
  <system-out/>
  <testcase classname="execute.page.classes.ExpenseCatogoryPageTestClass" name="verifyToDeleteCreatedExpense" time="9.405"/>
  <system-out/>
</testsuite> <!-- execute.page.classes.ExpenseCatogoryPageTestClass -->
