<?xml version="1.0" encoding="UTF-8"?>
<!-- Generated by org.testng.reporters.JUnitReportReporter -->
<testsuite hostname="DESKTOP-S02LODF" failures="0" tests="1" name="execute.page.classes.LoginPageTestClass" time="11.461" errors="0" timestamp="2023-06-26T12:03:27 IST" skipped="0">
  <testcase classname="execute.page.classes.LoginPageTestClass" name="verifySuccessfulLogin" time="11.461"/>
  <system-out/>
</testsuite> <!-- execute.page.classes.LoginPageTestClass -->
