<?xml version="1.0" encoding="UTF-8"?>
<!-- Generated by org.testng.reporters.JUnitReportReporter -->
<testsuite hostname="DESKTOP-S02LODF" failures="0" tests="1" name="execute.page.classes.ManageProductPageTestClass" time="65.097" errors="0" timestamp="2023-06-23T23:26:48 IST" skipped="0">
  <testcase classname="execute.page.classes.ManageProductPageTestClass" name="verifyToSearchCreatedExpense" time="65.097"/>
  <system-out/>
</testsuite> <!-- execute.page.classes.ManageProductPageTestClass -->
