<?xml version="1.0" encoding="UTF-8"?>
<!-- Generated by org.testng.reporters.JUnitReportReporter -->
<testsuite hostname="DESKTOP-S02LODF" failures="0" tests="2" name="execute.page.classes.ManageProductPageTestClass" time="19.201" errors="0" timestamp="2023-07-05T21:59:49 IST" skipped="0">
  <testcase classname="execute.page.classes.ManageProductPageTestClass" name="verifyToSearchCreatedExpense" time="9.794"/>
  <system-out/>
  <testcase classname="execute.page.classes.ManageProductPageTestClass" name="verifyToSearchCreatedExpense" time="9.407"/>
  <system-out/>
</testsuite> <!-- execute.page.classes.ManageProductPageTestClass -->
