<?xml version="1.0" encoding="UTF-8"?>
<!-- Generated by org.testng.reporters.JUnitReportReporter -->
<testsuite hostname="DESKTOP-S02LODF" failures="0" tests="2" name="execute.page.classes.HomePageTestClass" time="19.699" errors="0" timestamp="2023-07-05T21:59:49 IST" skipped="0">
  <testcase classname="execute.page.classes.HomePageTestClass" name="verifyAllTilesAreDisplyedOrNotInHomePage" time="10.052"/>
  <system-out/>
  <testcase classname="execute.page.classes.HomePageTestClass" name="verifyAllTilesAreDisplyedOrNotInHomePage" time="9.647"/>
  <system-out/>
</testsuite> <!-- execute.page.classes.HomePageTestClass -->
