<?xml version="1.0" encoding="UTF-8"?>
<!-- Generated by org.testng.reporters.JUnitReportReporter -->
<testsuite hostname="DESKTOP-S02LODF" failures="0" tests="1" name="execute.page.classes.ManageExpenceCatogoryPageTestClass" time="9.961" errors="0" timestamp="2023-06-23T21:24:33 IST" skipped="0">
  <testcase classname="execute.page.classes.ManageExpenceCatogoryPageTestClass" name="verifyToDeleteCreatedExpense" time="9.961"/>
  <system-out/>
</testsuite> <!-- execute.page.classes.ManageExpenceCatogoryPageTestClass -->
