<?xml version="1.0" encoding="UTF-8"?>
<!-- Generated by org.testng.reporters.JUnitReportReporter -->
<testsuite hostname="DESKTOP-S02LODF" failures="0" tests="4" name="execute.page.classes.ManageExpenseCatogoryPageTestClass" time="37.106" errors="0" timestamp="2023-06-26T12:52:39 IST" skipped="0">
  <testcase classname="execute.page.classes.ManageExpenseCatogoryPageTestClass" name="verifyManageExpenceCatogoryPageIsDisplayedOrNot" time="7.926"/>
  <system-out/>
  <testcase classname="execute.page.classes.ManageExpenseCatogoryPageTestClass" name="verifyToCreateNewExpense" time="9.058"/>
  <system-out/>
  <testcase classname="execute.page.classes.ManageExpenseCatogoryPageTestClass" name="verifyToSearchCreatedExpense" time="8.438"/>
  <system-out/>
  <testcase classname="execute.page.classes.ManageExpenseCatogoryPageTestClass" name="verifyToDeleteCreatedExpense" time="11.684"/>
  <system-out/>
</testsuite> <!-- execute.page.classes.ManageExpenseCatogoryPageTestClass -->
