<?xml version="1.0" encoding="UTF-8"?>
<!-- Generated by org.testng.reporters.JUnitReportReporter -->
<testsuite hostname="DESKTOP-S02LODF" failures="0" tests="6" name="execute.page.classes.ManageExpensePageTestClass" time="84.224" errors="0" timestamp="2023-07-05T21:59:49 IST" skipped="0">
  <testcase classname="execute.page.classes.ManageExpensePageTestClass" name="verifyManageExpencePageIsDisplayedOrNot" time="10.140"/>
  <system-out/>
  <testcase classname="execute.page.classes.ManageExpensePageTestClass" name="verifyManageExpencePageIsDisplayedOrNot" time="9.337"/>
  <system-out/>
  <testcase classname="execute.page.classes.ManageExpensePageTestClass" name="verifyToCreateNewManageExpense" time="20.657"/>
  <system-out/>
  <testcase classname="execute.page.classes.ManageExpensePageTestClass" name="verifyToCreateNewManageExpense" time="18.269"/>
  <system-out/>
  <testcase classname="execute.page.classes.ManageExpensePageTestClass" name="verifyToSearchCreatedManageExpense" time="12.839"/>
  <system-out/>
  <testcase classname="execute.page.classes.ManageExpensePageTestClass" name="verifyToSearchCreatedManageExpense" time="12.982"/>
  <system-out/>
</testsuite> <!-- execute.page.classes.ManageExpensePageTestClass -->
